INFO     conftest:conftest.py:29 mysql conenction is getting established
INFO     conftest:conftest.py:32 mysql conenction has been established
INFO     TestScripts.test_Data_Transformation:test_Data_Transformation.py:98 Test case execution for Joiner_sales_products_stores_data_check has started....
INFO     CommonUtils.utils:utils.py:54 The expected data in the file is :    sales_id   sale_date  price  quantity  total_sales  product_id        product_name  store_id   store_name
0         48  2024-10-18   27.0         3         81.0         108    Philips Hue Bulb         1      Walmart
1         27  2024-09-27   19.0        10        190.0         107      Samsung 55" TV         1      Walmart
2         21  2024-09-21   15.5        14        217.0         101           iPhone 15         1      Walmart
3         49  2024-10-19   18.5        11        203.5         109     Fitbit Charge 5         2       Target
4         25  2024-09-25   13.5        12        162.0         105     Sony WH-1000XM5         2       Target
5         22  2024-09-22   22.0         8        176.0         102  Samsung Galaxy S23         2       Target
6         50  2024-10-20   21.0        12        252.0         110   Kindle Paperwhite         3     Best Buy
7         41  2024-10-11   15.0         5         75.0         101           iPhone 15         3     Best Buy
8         26  2024-09-26   21.0         5        105.0         106       Nike Air Zoom         3     Best Buy
9         23  2024-09-23   18.0         7        126.0         103         Dell XPS 13         3     Best Buy
10        60  2024-09-10   17.0         9        153.0         110   Kindle Paperwhite         4       Costco
11        42  2024-10-12   20.0         4         80.0         102  Samsung Galaxy S23         4       Costco
12        35  2024-10-05   15.0         7        105.0         105     Sony WH-1000XM5         4       Costco
13        31  2024-10-01   14.5        13        188.5         101           iPhone 15         4       Costco
14        24  2024-09-24   25.0         6        150.0         104      MacBook Pro 14         4       Costco
15        15  2024-09-15   11.0        12        132.0         105     Sony WH-1000XM5         4       Costco
16        11  2024-09-11   14.0        15        210.0         101           iPhone 15         4       Costco
17        10  2024-09-10   17.0         9        153.0         110   Kindle Paperwhite         4       Costco
18        43  2024-10-13   19.0         9        171.0         103         Dell XPS 13         5   Home Depot
19        36  2024-10-06   25.0         3         75.0         106       Nike Air Zoom         5   Home Depot
20        32  2024-10-02   29.0         6        174.0         102  Samsung Galaxy S23         5   Home Depot
21        28  2024-09-28   27.0         6        162.0         108    Philips Hue Bulb         5   Home Depot
22        16  2024-09-16   23.0         5        115.0         106       Nike Air Zoom         5   Home Depot
23        12  2024-09-12   27.0         9        243.0         102  Samsung Galaxy S23         5   Home Depot
24        44  2024-10-14   28.0         7        196.0         104      MacBook Pro 14         6       Lowe's
25        37  2024-10-07   18.0        12        216.0         107      Samsung 55" TV         6       Lowe's
26        33  2024-10-03   21.0         8        168.0         103         Dell XPS 13         6       Lowe's
27        29  2024-09-29   24.0         9        216.0         109     Fitbit Charge 5         6       Lowe's
28        17  2024-09-17   26.0         3         78.0         107      Samsung 55" TV         6       Lowe's
29        13  2024-09-13   22.0        10        220.0         103         Dell XPS 13         6       Lowe's
30        45  2024-10-15   25.0        10        250.0         105     Sony WH-1000XM5         7  Apple Store
31        38  2024-10-08   20.0         9        180.0         108    Philips Hue Bulb         7  Apple Store
32        34  2024-10-04   30.0         5        150.0         104      MacBook Pro 14         7  Apple Store
33        30  2024-09-30   23.5         7        164.5         110   Kindle Paperwhite         7  Apple Store
34        18  2024-09-18   28.0         6        168.0         108    Philips Hue Bulb         7  Apple Store
35        14  2024-09-14   31.0         8        248.0         104      MacBook Pro 14         7  Apple Store
36        46  2024-10-16   22.5         8        180.0         106       Nike Air Zoom         8         IKEA
37        39  2024-10-09   22.0        10        220.0         109     Fitbit Charge 5         8         IKEA
38        19  2024-09-19   20.0        11        220.0         109     Fitbit Charge 5         8         IKEA
39        47  2024-10-17   24.0         6        144.0         107      Samsung 55" TV         9    Walgreens
40        40  2024-10-10   26.0         6        156.0         110   Kindle Paperwhite         9    Walgreens
41        20  2024-09-20   19.5         9        175.5         110   Kindle Paperwhite         9    Walgreens
INFO     CommonUtils.utils:utils.py:56 The actual data in the file is :    sales_id   sale_date  price  quantity  total_sales  product_id        product_name  store_id   store_name
0         48  2024-10-18   27.0         3         81.0         108    Philips Hue Bulb         1      Walmart
1         27  2024-09-27   19.0        10        190.0         107      Samsung 55" TV         1      Walmart
2         21  2024-09-21   15.5        14        217.0         101           iPhone 15         1      Walmart
3         49  2024-10-19   18.5        11        203.5         109     Fitbit Charge 5         2       Target
4         25  2024-09-25   13.5        12        162.0         105     Sony WH-1000XM5         2       Target
5         22  2024-09-22   22.0         8        176.0         102  Samsung Galaxy S23         2       Target
6         50  2024-10-20   21.0        12        252.0         110   Kindle Paperwhite         3     Best Buy
7         41  2024-10-11   15.0         5         75.0         101           iPhone 15         3     Best Buy
8         26  2024-09-26   21.0         5        105.0         106       Nike Air Zoom         3     Best Buy
9         23  2024-09-23   18.0         7        126.0         103         Dell XPS 13         3     Best Buy
10        60  2024-09-10   17.0         9        153.0         110   Kindle Paperwhite         4       Costco
11        42  2024-10-12   20.0         4         80.0         102  Samsung Galaxy S23         4       Costco
12        35  2024-10-05   15.0         7        105.0         105     Sony WH-1000XM5         4       Costco
13        31  2024-10-01   14.5        13        188.5         101           iPhone 15         4       Costco
14        24  2024-09-24   25.0         6        150.0         104      MacBook Pro 14         4       Costco
15        15  2024-09-15   11.0        12        132.0         105     Sony WH-1000XM5         4       Costco
16        11  2024-09-11   14.0        15        210.0         101           iPhone 15         4       Costco
17        10  2024-09-10   17.0         9        153.0         110   Kindle Paperwhite         4       Costco
18        43  2024-10-13   19.0         9        171.0         103         Dell XPS 13         5   Home Depot
19        36  2024-10-06   25.0         3         75.0         106       Nike Air Zoom         5   Home Depot
20        32  2024-10-02   29.0         6        174.0         102  Samsung Galaxy S23         5   Home Depot
21        28  2024-09-28   27.0         6        162.0         108    Philips Hue Bulb         5   Home Depot
22        16  2024-09-16   23.0         5        115.0         106       Nike Air Zoom         5   Home Depot
23        12  2024-09-12   27.0         9        243.0         102  Samsung Galaxy S23         5   Home Depot
24        44  2024-10-14   28.0         7        196.0         104      MacBook Pro 14         6       Lowe's
25        37  2024-10-07   18.0        12        216.0         107      Samsung 55" TV         6       Lowe's
26        33  2024-10-03   21.0         8        168.0         103         Dell XPS 13         6       Lowe's
27        29  2024-09-29   24.0         9        216.0         109     Fitbit Charge 5         6       Lowe's
28        17  2024-09-17   26.0         3         78.0         107      Samsung 55" TV         6       Lowe's
29        13  2024-09-13   22.0        10        220.0         103         Dell XPS 13         6       Lowe's
30        45  2024-10-15   25.0        10        250.0         105     Sony WH-1000XM5         7  Apple Store
31        38  2024-10-08   20.0         9        180.0         108    Philips Hue Bulb         7  Apple Store
32        34  2024-10-04   30.0         5        150.0         104      MacBook Pro 14         7  Apple Store
33        30  2024-09-30   23.5         7        164.5         110   Kindle Paperwhite         7  Apple Store
34        18  2024-09-18   28.0         6        168.0         108    Philips Hue Bulb         7  Apple Store
35        14  2024-09-14   31.0         8        248.0         104      MacBook Pro 14         7  Apple Store
36        46  2024-10-16   22.5         8        180.0         106       Nike Air Zoom         8         IKEA
37        39  2024-10-09   22.0        10        220.0         109     Fitbit Charge 5         8         IKEA
38        19  2024-09-19   20.0        11        220.0         109     Fitbit Charge 5         8         IKEA
39        47  2024-10-17   24.0         6        144.0         107      Samsung 55" TV         9    Walgreens
40        40  2024-10-10   26.0         6        156.0         110   Kindle Paperwhite         9    Walgreens
41        20  2024-09-20   19.5         9        175.5         110   Kindle Paperwhite         9    Walgreens
INFO     TestScripts.test_Data_Transformation:test_Data_Transformation.py:113 Test case execution for  Joiner_sales_products_stores_data_check  has completed....
INFO     conftest:conftest.py:35 mysql conenction has been closed
